[debug] [2026-07-21T06:58:23.873Z] ----------------------------------------------------------------------
[debug] [2026-07-21T06:58:23.874Z] Command:       /Users/tomwesley/.nvm/versions/node/v20.17.0/bin/node /Users/tomwesley/.nvm/versions/node/v20.17.0/bin/firebase deploy --only functions
[debug] [2026-07-21T06:58:23.874Z] CLI Version:   15.23.0
[debug] [2026-07-21T06:58:23.874Z] Platform:      darwin
[debug] [2026-07-21T06:58:23.874Z] Node Version:  v20.17.0
[debug] [2026-07-21T06:58:23.874Z] Detected Agent: unknown
[debug] [2026-07-21T06:58:23.874Z] Time:          Tue Jul 21 2026 02:58:23 GMT-0400 (Eastern Daylight Time)
[debug] [2026-07-21T06:58:23.875Z] ----------------------------------------------------------------------
[debug] 
[debug] [2026-07-21T06:58:24.643Z] > command requires scopes: ["email","openid","https://www.googleapis.com/auth/cloudplatformprojects.readonly","https://www.googleapis.com/auth/firebase","https://www.googleapis.com/auth/cloud-platform"]
[debug] [2026-07-21T06:58:24.644Z] > authorizing via signed-in user (tomjwesley@gmail.com)
[debug] [2026-07-21T06:58:24.644Z] [iam] checking project singularity-c216f for permissions ["cloudfunctions.functions.create","cloudfunctions.functions.delete","cloudfunctions.functions.get","cloudfunctions.functions.list","cloudfunctions.functions.update","cloudfunctions.operations.get","firebase.projects.get"]
[debug] [2026-07-21T06:58:24.645Z] Checked if tokens are valid: false, expires at: 1784562849083
[debug] [2026-07-21T06:58:24.645Z] Checked if tokens are valid: false, expires at: 1784562849083
[debug] [2026-07-21T06:58:24.645Z] > refreshing access token with scopes: []
[debug] [2026-07-21T06:58:24.646Z] >>> [apiv2][query] POST https://www.googleapis.com/oauth2/v3/token [none]
[debug] [2026-07-21T06:58:24.646Z] >>> [apiv2][body] POST https://www.googleapis.com/oauth2/v3/token [omitted]
[debug] [2026-07-21T06:58:24.779Z] <<< [apiv2][status] POST https://www.googleapis.com/oauth2/v3/token 200
[debug] [2026-07-21T06:58:24.779Z] <<< [apiv2][body] POST https://www.googleapis.com/oauth2/v3/token [omitted]
[debug] [2026-07-21T06:58:24.791Z] >>> [apiv2][query] POST https://cloudresourcemanager.googleapis.com/v1/projects/singularity-c216f:testIamPermissions [none]
[debug] [2026-07-21T06:58:24.792Z] >>> [apiv2][(partial)header] POST https://cloudresourcemanager.googleapis.com/v1/projects/singularity-c216f:testIamPermissions  x-goog-user-project=singularity-c216f
[debug] [2026-07-21T06:58:24.792Z] >>> [apiv2][body] POST https://cloudresourcemanager.googleapis.com/v1/projects/singularity-c216f:testIamPermissions {"permissions":["cloudfunctions.functions.create","cloudfunctions.functions.delete","cloudfunctions.functions.get","cloudfunctions.functions.list","cloudfunctions.functions.update","cloudfunctions.operations.get","firebase.projects.get"]}
[debug] [2026-07-21T06:58:24.986Z] <<< [apiv2][status] POST https://cloudresourcemanager.googleapis.com/v1/projects/singularity-c216f:testIamPermissions 200
[debug] [2026-07-21T06:58:24.986Z] <<< [apiv2][body] POST https://cloudresourcemanager.googleapis.com/v1/projects/singularity-c216f:testIamPermissions {"permissions":["cloudfunctions.functions.create","cloudfunctions.functions.delete","cloudfunctions.functions.get","cloudfunctions.functions.list","cloudfunctions.functions.update","cloudfunctions.operations.get","firebase.projects.get"]}
[debug] [2026-07-21T06:58:24.986Z] Checked if tokens are valid: true, expires at: 1784620703779
[debug] [2026-07-21T06:58:24.986Z] Checked if tokens are valid: true, expires at: 1784620703779
[debug] [2026-07-21T06:58:24.986Z] >>> [apiv2][query] POST https://iam.googleapis.com/v1/projects/singularity-c216f/serviceAccounts/singularity-c216f@appspot.gserviceaccount.com:testIamPermissions [none]
[debug] [2026-07-21T06:58:24.986Z] >>> [apiv2][body] POST https://iam.googleapis.com/v1/projects/singularity-c216f/serviceAccounts/singularity-c216f@appspot.gserviceaccount.com:testIamPermissions {"permissions":["iam.serviceAccounts.actAs"]}
[debug] [2026-07-21T06:58:25.192Z] <<< [apiv2][status] POST https://iam.googleapis.com/v1/projects/singularity-c216f/serviceAccounts/singularity-c216f@appspot.gserviceaccount.com:testIamPermissions 200
[debug] [2026-07-21T06:58:25.193Z] <<< [apiv2][body] POST https://iam.googleapis.com/v1/projects/singularity-c216f/serviceAccounts/singularity-c216f@appspot.gserviceaccount.com:testIamPermissions {"permissions":["iam.serviceAccounts.actAs"]}
[info] 
[info] === Deploying to 'singularity-c216f'...
[info] 
[info] i  deploying functions 
[info] Running command: npm --prefix "$RESOURCE_DIR" run copy-shared
[info] ✔  functions: Finished running predeploy script. 
[debug] [2026-07-21T06:58:25.522Z] Checked if tokens are valid: true, expires at: 1784620703779
[debug] [2026-07-21T06:58:25.522Z] Checked if tokens are valid: true, expires at: 1784620703779
[debug] [2026-07-21T06:58:25.522Z] >>> [apiv2][query] GET https://cloudresourcemanager.googleapis.com/v1/projects/singularity-c216f [none]
[debug] [2026-07-21T06:58:25.617Z] <<< [apiv2][status] GET https://cloudresourcemanager.googleapis.com/v1/projects/singularity-c216f 200
[debug] [2026-07-21T06:58:25.617Z] <<< [apiv2][body] GET https://cloudresourcemanager.googleapis.com/v1/projects/singularity-c216f {"projectNumber":"877374644269","projectId":"singularity-c216f","lifecycleState":"ACTIVE","name":"Singularity","labels":{"firebase":"enabled"},"createTime":"2020-01-22T00:03:32.238Z"}
[info] i  functions: preparing codebase default for deployment 
[info] i  functions: ensuring required API cloudfunctions.googleapis.com is enabled... 
[info] i  functions: ensuring required API cloudbuild.googleapis.com is enabled... 
[info] i  artifactregistry: ensuring required API artifactregistry.googleapis.com is enabled... 
[debug] [2026-07-21T06:58:25.618Z] Checked if tokens are valid: true, expires at: 1784620703779
[debug] [2026-07-21T06:58:25.618Z] Checked if tokens are valid: true, expires at: 1784620703779
[debug] [2026-07-21T06:58:25.618Z] >>> [apiv2][query] GET https://firebase.googleapis.com/v1beta1/projects/singularity-c216f/adminSdkConfig [none]
[debug] [2026-07-21T06:58:26.133Z] <<< [apiv2][status] GET https://firebase.googleapis.com/v1beta1/projects/singularity-c216f/adminSdkConfig 200
[debug] [2026-07-21T06:58:26.134Z] <<< [apiv2][body] GET https://firebase.googleapis.com/v1beta1/projects/singularity-c216f/adminSdkConfig {"projectId":"singularity-c216f","databaseURL":"https://singularity-c216f.firebaseio.com","storageBucket":"singularity-c216f.appspot.com","locationId":"us-central"}
[debug] [2026-07-21T06:58:26.135Z] Checked if tokens are valid: true, expires at: 1784620703779
[debug] [2026-07-21T06:58:26.135Z] Checked if tokens are valid: true, expires at: 1784620703779
[debug] [2026-07-21T06:58:26.135Z] >>> [apiv2][query] GET https://runtimeconfig.googleapis.com/v1beta1/projects/singularity-c216f/configs [none]
[debug] [2026-07-21T06:58:26.310Z] <<< [apiv2][status] GET https://runtimeconfig.googleapis.com/v1beta1/projects/singularity-c216f/configs 200
[debug] [2026-07-21T06:58:26.311Z] <<< [apiv2][body] GET https://runtimeconfig.googleapis.com/v1beta1/projects/singularity-c216f/configs {}
[debug] [2026-07-21T06:58:26.314Z] Validating nodejs source
[warn] ⚠  functions: Runtime Node.js 20 was deprecated on 2026-04-30 and will be decommissioned on 2026-10-30, after which you will not be able to deploy without upgrading. Consider upgrading now to avoid disruption. See https://cloud.google.com/functions/docs/runtime-support for full details on the lifecycle policy 
[warn] ⚠  functions: package.json indicates an outdated version of firebase-functions. Please upgrade using npm install --save firebase-functions@latest in your functions directory. 
[warn] ⚠  functions: Please note that there will be breaking changes when you upgrade. 
[debug] [2026-07-21T06:58:26.751Z] > [functions] package.json contents: {
  "name": "reflections-functions",
  "description": "Server-authoritative scoring & anti-cheat for REFLECTIONS",
  "type": "module",
  "main": "index.js",
  "engines": {
    "node": "20"
  },
  "scripts": {
    "copy-shared": "node copy-shared.js",
    "emulate": "npm run copy-shared && firebase emulators:start --only functions,firestore,auth",
    "test-local": "node test-local.mjs"
  },
  "dependencies": {
    "firebase-admin": "^12.6.0",
    "firebase-functions": "^6.0.1"
  },
  "devDependencies": {
    "firebase": "^10.14.1"
  }
}
[debug] [2026-07-21T06:58:26.751Z] Building nodejs source
[info] i  functions: Loading and analyzing source code for codebase default to determine what to deploy 
[debug] [2026-07-21T06:58:26.752Z] Could not find functions.yaml. Must use http discovery
[debug] [2026-07-21T06:58:26.757Z] Found firebase-functions binary at '/Users/tomwesley/LocalGithubFiles/ReflectionsPhaser/functions/node_modules/.bin/firebase-functions'
[info] Serving at port 8294

[debug] [2026-07-21T06:58:27.177Z] Got response from /__/functions.yaml {"endpoints":{"reserveUsername":{"availableMemoryMb":null,"timeoutSeconds":null,"minInstances":null,"maxInstances":null,"ingressSettings":null,"concurrency":null,"serviceAccountEmail":null,"vpc":null,"platform":"gcfv2","labels":{},"callableTrigger":{},"entryPoint":"reserveUsername"},"setReplayVideoPath":{"availableMemoryMb":null,"timeoutSeconds":null,"minInstances":null,"maxInstances":null,"ingressSettings":null,"concurrency":null,"serviceAccountEmail":null,"vpc":null,"platform":"gcfv2","labels":{},"callableTrigger":{},"entryPoint":"setReplayVideoPath"},"startGame":{"availableMemoryMb":null,"timeoutSeconds":null,"minInstances":null,"maxInstances":null,"ingressSettings":null,"concurrency":null,"serviceAccountEmail":null,"vpc":null,"platform":"gcfv2","labels":{},"callableTrigger":{},"entryPoint":"startGame"},"submitGame":{"availableMemoryMb":null,"timeoutSeconds":null,"minInstances":null,"maxInstances":null,"ingressSettings":null,"concurrency":null,"serviceAccountEmail":null,"vpc":null,"platform":"gcfv2","labels":{},"callableTrigger":{},"entryPoint":"submitGame"}},"specVersion":"v1alpha1","requiredAPIs":[],"extensions":{}}
[debug] [2026-07-21T06:58:30.201Z] Checked if tokens are valid: true, expires at: 1784620703779
[debug] [2026-07-21T06:58:30.201Z] Checked if tokens are valid: true, expires at: 1784620703779
[debug] [2026-07-21T06:58:30.202Z] >>> [apiv2][query] GET https://cloudfunctions.googleapis.com/v1/projects/singularity-c216f/locations/-/functions [none]
[debug] [2026-07-21T06:58:30.841Z] <<< [apiv2][status] GET https://cloudfunctions.googleapis.com/v1/projects/singularity-c216f/locations/-/functions 200
[debug] [2026-07-21T06:58:30.841Z] <<< [apiv2][body] GET https://cloudfunctions.googleapis.com/v1/projects/singularity-c216f/locations/-/functions {}
[debug] [2026-07-21T06:58:30.842Z] Checked if tokens are valid: true, expires at: 1784620703779
[debug] [2026-07-21T06:58:30.842Z] Checked if tokens are valid: true, expires at: 1784620703779
[debug] [2026-07-21T06:58:30.843Z] >>> [apiv2][query] GET https://cloudfunctions.googleapis.com/v2/projects/singularity-c216f/locations/-/functions filter=environment%3D%22GEN_2%22
[debug] [2026-07-21T06:58:31.351Z] <<< [apiv2][status] GET https://cloudfunctions.googleapis.com/v2/projects/singularity-c216f/locations/-/functions 200
[debug] [2026-07-21T06:58:31.351Z] <<< [apiv2][body] GET https://cloudfunctions.googleapis.com/v2/projects/singularity-c216f/locations/-/functions {"functions":[{"name":"projects/singularity-c216f/locations/us-central1/functions/submitGame","buildConfig":{"build":"projects/877374644269/locations/us-central1/builds/2cfd7f5a-e575-4940-9fe6-81113dacb576","runtime":"nodejs20","entryPoint":"submitGame","source":{"storageSource":{"bucket":"gcf-v2-sources-877374644269-us-central1","object":"submitGame/function-source.zip","generation":"1784355772000783"}},"environmentVariables":{"GOOGLE_NODE_RUN_SCRIPTS":""},"dockerRepository":"projects/singularity-c216f/locations/us-central1/repositories/gcf-artifacts","sourceProvenance":{"resolvedStorageSource":{"bucket":"gcf-v2-sources-877374644269-us-central1","object":"submitGame/function-source.zip","generation":"1784355772000783"}},"dockerRegistry":"ARTIFACT_REGISTRY","serviceAccount":"projects/singularity-c216f/serviceAccounts/877374644269-compute@developer.gserviceaccount.com","automaticUpdatePolicy":{}},"serviceConfig":{"service":"projects/singularity-c216f/locations/us-central1/services/submitgame","timeoutSeconds":60,"environmentVariables":{"FIREBASE_CONFIG":"{\"projectId\":\"singularity-c216f\",\"databaseURL\":\"https://singularity-c216f.firebaseio.com\",\"storageBucket\":\"singularity-c216f.appspot.com\",\"locationId\":\"us-central\"}","GCLOUD_PROJECT":"singularity-c216f","EVENTARC_CLOUD_EVENT_SOURCE":"projects/singularity-c216f/locations/us-central1/services/submitGame","FUNCTION_TARGET":"submitGame","LOG_EXECUTION_ID":"true","FUNCTION_SIGNATURE_TYPE":"http"},"maxInstanceCount":20,"ingressSettings":"ALLOW_ALL","uri":"https://submitgame-an2fqw5f5q-uc.a.run.app","serviceAccountEmail":"877374644269-compute@developer.gserviceaccount.com","availableMemory":"256Mi","allTrafficOnLatestRevision":true,"revision":"submitgame-00002-leb","maxInstanceRequestConcurrency":80,"availableCpu":"1"},"state":"ACTIVE","updateTime":"2026-07-18T06:22:59.288806501Z","labels":{"firebase-functions-hash":"20a966f0723f0bd88426918d4c98820f372087bb","deployment-tool":"cli-firebase","deployment-callable":"true"},"environment":"GEN_2","url":"https://us-central1-singularity-c216f.cloudfunctions.net/submitGame","createTime":"2026-07-13T15:19:30.189773477Z","satisfiesPzi":true},{"name":"projects/singularity-c216f/locations/us-central1/functions/setReplayVideoPath","buildConfig":{"build":"projects/877374644269/locations/us-central1/builds/2cfd7f5a-e575-4940-9fe6-81113dacb576","runtime":"nodejs20","entryPoint":"setReplayVideoPath","source":{"storageSource":{"bucket":"gcf-v2-sources-877374644269-us-central1","object":"setReplayVideoPath/function-source.zip","generation":"1784355772009608"}},"environmentVariables":{"GOOGLE_NODE_RUN_SCRIPTS":""},"dockerRepository":"projects/singularity-c216f/locations/us-central1/repositories/gcf-artifacts","sourceProvenance":{"resolvedStorageSource":{"bucket":"gcf-v2-sources-877374644269-us-central1","object":"setReplayVideoPath/function-source.zip","generation":"1784355772009608"}},"dockerRegistry":"ARTIFACT_REGISTRY","serviceAccount":"projects/singularity-c216f/serviceAccounts/877374644269-compute@developer.gserviceaccount.com","automaticUpdatePolicy":{}},"serviceConfig":{"service":"projects/singularity-c216f/locations/us-central1/services/setreplayvideopath","timeoutSeconds":60,"environmentVariables":{"FIREBASE_CONFIG":"{\"projectId\":\"singularity-c216f\",\"databaseURL\":\"https://singularity-c216f.firebaseio.com\",\"storageBucket\":\"singularity-c216f.appspot.com\",\"locationId\":\"us-central\"}","GCLOUD_PROJECT":"singularity-c216f","EVENTARC_CLOUD_EVENT_SOURCE":"projects/singularity-c216f/locations/us-central1/services/setReplayVideoPath","FUNCTION_TARGET":"setReplayVideoPath","LOG_EXECUTION_ID":"true","FUNCTION_SIGNATURE_TYPE":"http"},"maxInstanceCount":20,"ingressSettings":"ALLOW_ALL","uri":"https://setreplayvideopath-an2fqw5f5q-uc.a.run.app","serviceAccountEmail":"877374644269-compute@developer.gserviceaccount.com","availableMemory":"256Mi","allTrafficOnLatestRevision":true,"revision":"setreplayvideopath-00002-sov","maxInstanceRequestConcurrency":80,"availableCpu":"1"},"state":"ACTIVE","updateTime":"2026-07-18T06:23:01.036622775Z","labels":{"deployment-callable":"true","firebase-functions-hash":"20a966f0723f0bd88426918d4c98820f372087bb","deployment-tool":"cli-firebase"},"environment":"GEN_2","url":"https://us-central1-singularity-c216f.cloudfunctions.net/setReplayVideoPath","createTime":"2026-07-13T15:19:30.189895485Z","satisfiesPzi":true},{"name":"projects/singularity-c216f/locations/us-central1/functions/reserveUsername","buildConfig":{"build":"projects/877374644269/locations/us-central1/builds/2cfd7f5a-e575-4940-9fe6-81113dacb576","runtime":"nodejs20","entryPoint":"reserveUsername","source":{"storageSource":{"bucket":"gcf-v2-sources-877374644269-us-central1","object":"reserveUsername/function-source.zip","generation":"1784355723206224"}},"environmentVariables":{"GOOGLE_NODE_RUN_SCRIPTS":""},"dockerRepository":"projects/singularity-c216f/locations/us-central1/repositories/gcf-artifacts","sourceProvenance":{"resolvedStorageSource":{"bucket":"gcf-v2-sources-877374644269-us-central1","object":"reserveUsername/function-source.zip","generation":"1784355723206224"}},"dockerRegistry":"ARTIFACT_REGISTRY","serviceAccount":"projects/singularity-c216f/serviceAccounts/877374644269-compute@developer.gserviceaccount.com","automaticUpdatePolicy":{}},"serviceConfig":{"service":"projects/singularity-c216f/locations/us-central1/services/reserveusername","timeoutSeconds":60,"environmentVariables":{"FIREBASE_CONFIG":"{\"projectId\":\"singularity-c216f\",\"databaseURL\":\"https://singularity-c216f.firebaseio.com\",\"storageBucket\":\"singularity-c216f.appspot.com\",\"locationId\":\"us-central\"}","GCLOUD_PROJECT":"singularity-c216f","EVENTARC_CLOUD_EVENT_SOURCE":"projects/singularity-c216f/locations/us-central1/services/reserveUsername","FUNCTION_TARGET":"reserveUsername","LOG_EXECUTION_ID":"true"},"maxInstanceCount":20,"ingressSettings":"ALLOW_ALL","uri":"https://reserveusername-an2fqw5f5q-uc.a.run.app","serviceAccountEmail":"877374644269-compute@developer.gserviceaccount.com","availableMemory":"256Mi","allTrafficOnLatestRevision":true,"revision":"reserveusername-00002-did","maxInstanceRequestConcurrency":80,"availableCpu":"1"},"state":"ACTIVE","updateTime":"2026-07-18T06:23:00.689960670Z","labels":{"deployment-tool":"cli-firebase","deployment-callable":"true","firebase-functions-hash":"20a966f0723f0bd88426918d4c98820f372087bb"},"environment":"GEN_2","url":"https://us-central1-singularity-c216f.cloudfunctions.net/reserveUsername","createTime":"2026-07-13T15:18:32.629085084Z","satisfiesPzi":true},{"name":"projects/singularity-c216f/locations/us-central1/functions/startGame","buildConfig":{"build":"projects/877374644269/locations/us-central1/builds/2cfd7f5a-e575-4940-9fe6-81113dacb576","runtime":"nodejs20","entryPoint":"startGame","source":{"storageSource":{"bucket":"gcf-v2-sources-877374644269-us-central1","object":"startGame/function-source.zip","generation":"1784355772130926"}},"environmentVariables":{"GOOGLE_NODE_RUN_SCRIPTS":""},"dockerRepository":"projects/singularity-c216f/locations/us-central1/repositories/gcf-artifacts","sourceProvenance":{"resolvedStorageSource":{"bucket":"gcf-v2-sources-877374644269-us-central1","object":"startGame/function-source.zip","generation":"1784355772130926"}},"dockerRegistry":"ARTIFACT_REGISTRY","serviceAccount":"projects/singularity-c216f/serviceAccounts/877374644269-compute@developer.gserviceaccount.com","automaticUpdatePolicy":{}},"serviceConfig":{"service":"projects/singularity-c216f/locations/us-central1/services/startgame","timeoutSeconds":60,"environmentVariables":{"FIREBASE_CONFIG":"{\"projectId\":\"singularity-c216f\",\"databaseURL\":\"https://singularity-c216f.firebaseio.com\",\"storageBucket\":\"singularity-c216f.appspot.com\",\"locationId\":\"us-central\"}","GCLOUD_PROJECT":"singularity-c216f","EVENTARC_CLOUD_EVENT_SOURCE":"projects/singularity-c216f/locations/us-central1/services/startGame","FUNCTION_TARGET":"startGame","LOG_EXECUTION_ID":"true","FUNCTION_SIGNATURE_TYPE":"http"},"maxInstanceCount":20,"ingressSettings":"ALLOW_ALL","uri":"https://startgame-an2fqw5f5q-uc.a.run.app","serviceAccountEmail":"877374644269-compute@developer.gserviceaccount.com","availableMemory":"256Mi","allTrafficOnLatestRevision":true,"revision":"startgame-00002-wum","maxInstanceRequestConcurrency":80,"availableCpu":"1"},"state":"ACTIVE","updateTime":"2026-07-18T06:22:59.747952407Z","labels":{"deployment-callable":"true","firebase-functions-hash":"20a966f0723f0bd88426918d4c98820f372087bb","deployment-tool":"cli-firebase"},"environment":"GEN_2","url":"https://us-central1-singularity-c216f.cloudfunctions.net/startGame","createTime":"2026-07-13T15:19:30.279465589Z","satisfiesPzi":true}]}
[info] i  extensions: ensuring required API firebaseextensions.googleapis.com is enabled... 
[debug] [2026-07-21T06:58:31.355Z] > command requires scopes: ["email","openid","https://www.googleapis.com/auth/cloudplatformprojects.readonly","https://www.googleapis.com/auth/firebase","https://www.googleapis.com/auth/cloud-platform"]
[debug] [2026-07-21T06:58:31.355Z] > authorizing via signed-in user (tomjwesley@gmail.com)
[debug] [2026-07-21T06:58:31.355Z] [iam] checking project singularity-c216f for permissions ["firebase.projects.get","firebaseextensions.instances.list"]
[debug] [2026-07-21T06:58:31.355Z] Checked if tokens are valid: true, expires at: 1784620703779
[debug] [2026-07-21T06:58:31.355Z] Checked if tokens are valid: true, expires at: 1784620703779
[debug] [2026-07-21T06:58:31.356Z] >>> [apiv2][query] POST https://cloudresourcemanager.googleapis.com/v1/projects/singularity-c216f:testIamPermissions [none]
[debug] [2026-07-21T06:58:31.356Z] >>> [apiv2][(partial)header] POST https://cloudresourcemanager.googleapis.com/v1/projects/singularity-c216f:testIamPermissions  x-goog-user-project=singularity-c216f
[debug] [2026-07-21T06:58:31.356Z] >>> [apiv2][body] POST https://cloudresourcemanager.googleapis.com/v1/projects/singularity-c216f:testIamPermissions {"permissions":["firebase.projects.get","firebaseextensions.instances.list"]}
[debug] [2026-07-21T06:58:31.541Z] <<< [apiv2][status] POST https://cloudresourcemanager.googleapis.com/v1/projects/singularity-c216f:testIamPermissions 200
[debug] [2026-07-21T06:58:31.541Z] <<< [apiv2][body] POST https://cloudresourcemanager.googleapis.com/v1/projects/singularity-c216f:testIamPermissions {"permissions":["firebase.projects.get","firebaseextensions.instances.list"]}
[debug] [2026-07-21T06:58:31.542Z] Checked if tokens are valid: true, expires at: 1784620703779
[debug] [2026-07-21T06:58:31.542Z] Checked if tokens are valid: true, expires at: 1784620703779
[debug] [2026-07-21T06:58:31.542Z] >>> [apiv2][query] GET https://firebaseextensions.googleapis.com/v1beta/projects/singularity-c216f/instances pageSize=100&pageToken=
[debug] [2026-07-21T06:58:31.862Z] <<< [apiv2][status] GET https://firebaseextensions.googleapis.com/v1beta/projects/singularity-c216f/instances 200
[debug] [2026-07-21T06:58:31.862Z] <<< [apiv2][body] GET https://firebaseextensions.googleapis.com/v1beta/projects/singularity-c216f/instances {}
[info] i  functions: preparing functions directory for uploading... 
[info] i  functions: packaged /Users/tomwesley/LocalGithubFiles/ReflectionsPhaser/functions (178.05 KB) for uploading 
[info] i  functions: ensuring required API run.googleapis.com is enabled... 
[info] i  functions: ensuring required API eventarc.googleapis.com is enabled... 
[info] i  functions: ensuring required API pubsub.googleapis.com is enabled... 
[info] i  functions: ensuring required API storage.googleapis.com is enabled... 
[info] i  functions: generating the service identity for pubsub.googleapis.com... 
[debug] [2026-07-21T06:58:31.926Z] Checked if tokens are valid: true, expires at: 1784620703779
[debug] [2026-07-21T06:58:31.926Z] Checked if tokens are valid: true, expires at: 1784620703779
[info] i  functions: generating the service identity for eventarc.googleapis.com... 
[debug] [2026-07-21T06:58:31.926Z] Checked if tokens are valid: true, expires at: 1784620703779
[debug] [2026-07-21T06:58:31.926Z] Checked if tokens are valid: true, expires at: 1784620703779
[debug] [2026-07-21T06:58:31.927Z] >>> [apiv2][query] POST https://serviceusage.googleapis.com/v1beta1/projects/877374644269/services/pubsub.googleapis.com:generateServiceIdentity [none]
[debug] [2026-07-21T06:58:31.927Z] >>> [apiv2][(partial)header] POST https://serviceusage.googleapis.com/v1beta1/projects/877374644269/services/pubsub.googleapis.com:generateServiceIdentity  x-goog-user-project=877374644269
[debug] [2026-07-21T06:58:31.927Z] >>> [apiv2][body] POST https://serviceusage.googleapis.com/v1beta1/projects/877374644269/services/pubsub.googleapis.com:generateServiceIdentity {}
[debug] [2026-07-21T06:58:31.927Z] >>> [apiv2][query] POST https://serviceusage.googleapis.com/v1beta1/projects/877374644269/services/eventarc.googleapis.com:generateServiceIdentity [none]
[debug] [2026-07-21T06:58:31.927Z] >>> [apiv2][(partial)header] POST https://serviceusage.googleapis.com/v1beta1/projects/877374644269/services/eventarc.googleapis.com:generateServiceIdentity  x-goog-user-project=877374644269
[debug] [2026-07-21T06:58:31.927Z] >>> [apiv2][body] POST https://serviceusage.googleapis.com/v1beta1/projects/877374644269/services/eventarc.googleapis.com:generateServiceIdentity {}
[debug] [2026-07-21T06:58:32.308Z] <<< [apiv2][status] POST https://serviceusage.googleapis.com/v1beta1/projects/877374644269/services/pubsub.googleapis.com:generateServiceIdentity 200
[debug] [2026-07-21T06:58:32.308Z] <<< [apiv2][body] POST https://serviceusage.googleapis.com/v1beta1/projects/877374644269/services/pubsub.googleapis.com:generateServiceIdentity {"name":"operations/finished.DONE_OPERATION","done":true,"response":{"@type":"type.googleapis.com/google.api.serviceusage.v1beta1.ServiceIdentity","email":"service-877374644269@gcp-sa-pubsub.iam.gserviceaccount.com","uniqueId":"118421920279599519098"}}
[debug] [2026-07-21T06:58:32.355Z] <<< [apiv2][status] POST https://serviceusage.googleapis.com/v1beta1/projects/877374644269/services/eventarc.googleapis.com:generateServiceIdentity 200
[debug] [2026-07-21T06:58:32.355Z] <<< [apiv2][body] POST https://serviceusage.googleapis.com/v1beta1/projects/877374644269/services/eventarc.googleapis.com:generateServiceIdentity {"name":"operations/finished.DONE_OPERATION","done":true,"response":{"@type":"type.googleapis.com/google.api.serviceusage.v1beta1.ServiceIdentity","email":"service-877374644269@gcp-sa-eventarc.iam.gserviceaccount.com","uniqueId":"103768350787317824952"}}
[debug] [2026-07-21T06:58:32.357Z] Checked if tokens are valid: true, expires at: 1784620703779
[debug] [2026-07-21T06:58:32.357Z] Checked if tokens are valid: true, expires at: 1784620703779
[debug] [2026-07-21T06:58:32.357Z] >>> [apiv2][query] GET https://cloudresourcemanager.googleapis.com/v1/projects/singularity-c216f [none]
[debug] [2026-07-21T06:58:32.449Z] <<< [apiv2][status] GET https://cloudresourcemanager.googleapis.com/v1/projects/singularity-c216f 200
[debug] [2026-07-21T06:58:32.449Z] <<< [apiv2][body] GET https://cloudresourcemanager.googleapis.com/v1/projects/singularity-c216f {"projectNumber":"877374644269","projectId":"singularity-c216f","lifecycleState":"ACTIVE","name":"Singularity","labels":{"firebase":"enabled"},"createTime":"2020-01-22T00:03:32.238Z"}
[debug] [2026-07-21T06:58:32.450Z] Checked if tokens are valid: true, expires at: 1784620703779
[debug] [2026-07-21T06:58:32.450Z] Checked if tokens are valid: true, expires at: 1784620703779
[debug] [2026-07-21T06:58:32.450Z] >>> [apiv2][query] GET https://compute.googleapis.com/compute/v1/projects/877374644269 [none]
[debug] [2026-07-21T06:58:32.561Z] <<< [apiv2][status] GET https://compute.googleapis.com/compute/v1/projects/877374644269 403
[debug] [2026-07-21T06:58:32.561Z] <<< [apiv2][body] GET https://compute.googleapis.com/compute/v1/projects/877374644269 {"error":{"code":403,"message":"Compute Engine API has not been used in project 877374644269 before or it is disabled. Enable it by visiting https://console.developers.google.com/apis/api/compute.googleapis.com/overview?project=877374644269 then retry. If you enabled this API recently, wait a few minutes for the action to propagate to our systems and retry.","errors":[{"message":"Compute Engine API has not been used in project 877374644269 before or it is disabled. Enable it by visiting https://console.developers.google.com/apis/api/compute.googleapis.com/overview?project=877374644269 then retry. If you enabled this API recently, wait a few minutes for the action to propagate to our systems and retry.","domain":"usageLimits","reason":"accessNotConfigured","extendedHelp":"https://console.developers.google.com"}],"status":"PERMISSION_DENIED","details":[{"@type":"type.googleapis.com/google.rpc.ErrorInfo","reason":"SERVICE_DISABLED","domain":"googleapis.com","metadata":{"consumer":"projects/877374644269","serviceTitle":"Compute Engine API","service":"compute.googleapis.com","activationUrl":"https://console.developers.google.com/apis/api/compute.googleapis.com/overview?project=877374644269","containerInfo":"877374644269"}},{"@type":"type.googleapis.com/google.rpc.LocalizedMessage","locale":"en-US","message":"Compute Engine API has not been used in project 877374644269 before or it is disabled. Enable it by visiting https://console.developers.google.com/apis/api/compute.googleapis.com/overview?project=877374644269 then retry. If you enabled this API recently, wait a few minutes for the action to propagate to our systems and retry."},{"@type":"type.googleapis.com/google.rpc.Help","links":[{"description":"Google developers console API activation","url":"https://console.developers.google.com/apis/api/compute.googleapis.com/overview?project=877374644269"}]}]}}
[debug] [2026-07-21T06:58:32.562Z] unable to look up default compute service account. Falling back to 877374644269-compute@developer.gserviceaccount.com. Error: {"name":"FirebaseError","children":[],"context":{"body":{"error":{"code":403,"message":"Compute Engine API has not been used in project 877374644269 before or it is disabled. Enable it by visiting https://console.developers.google.com/apis/api/compute.googleapis.com/overview?project=877374644269 then retry. If you enabled this API recently, wait a few minutes for the action to propagate to our systems and retry.","errors":[{"message":"Compute Engine API has not been used in project 877374644269 before or it is disabled. Enable it by visiting https://console.developers.google.com/apis/api/compute.googleapis.com/overview?project=877374644269 then retry. If you enabled this API recently, wait a few minutes for the action to propagate to our systems and retry.","domain":"usageLimits","reason":"accessNotConfigured","extendedHelp":"https://console.developers.google.com"}],"status":"PERMISSION_DENIED","details":[{"@type":"type.googleapis.com/google.rpc.ErrorInfo","reason":"SERVICE_DISABLED","domain":"googleapis.com","metadata":{"consumer":"projects/877374644269","serviceTitle":"Compute Engine API","service":"compute.googleapis.com","activationUrl":"https://console.developers.google.com/apis/api/compute.googleapis.com/overview?project=877374644269","containerInfo":"877374644269"}},{"@type":"type.googleapis.com/google.rpc.LocalizedMessage","locale":"en-US","message":"Compute Engine API has not been used in project 877374644269 before or it is disabled. Enable it by visiting https://console.developers.google.com/apis/api/compute.googleapis.com/overview?project=877374644269 then retry. If you enabled this API recently, wait a few minutes for the action to propagate to our systems and retry."},{"@type":"type.googleapis.com/google.rpc.Help","links":[{"description":"Google developers console API activation","url":"https://console.developers.google.com/apis/api/compute.googleapis.com/overview?project=877374644269"}]}]}},"response":{"statusCode":403}},"exit":1,"message":"Request to https://compute.googleapis.com/compute/v1/projects/877374644269 had HTTP Error: 403, Compute Engine API has not been used in project 877374644269 before or it is disabled. Enable it by visiting https://console.developers.google.com/apis/api/compute.googleapis.com/overview?project=877374644269 then retry. If you enabled this API recently, wait a few minutes for the action to propagate to our systems and retry.","status":403}
[debug] [2026-07-21T06:58:32.562Z] Checked if tokens are valid: true, expires at: 1784620703779
[debug] [2026-07-21T06:58:32.562Z] Checked if tokens are valid: true, expires at: 1784620703779
[debug] [2026-07-21T06:58:32.563Z] >>> [apiv2][query] GET https://compute.googleapis.com/compute/v1/projects/877374644269 [none]
[debug] [2026-07-21T06:58:32.633Z] <<< [apiv2][status] GET https://compute.googleapis.com/compute/v1/projects/877374644269 403
[debug] [2026-07-21T06:58:32.633Z] <<< [apiv2][body] GET https://compute.googleapis.com/compute/v1/projects/877374644269 {"error":{"code":403,"message":"Compute Engine API has not been used in project 877374644269 before or it is disabled. Enable it by visiting https://console.developers.google.com/apis/api/compute.googleapis.com/overview?project=877374644269 then retry. If you enabled this API recently, wait a few minutes for the action to propagate to our systems and retry.","errors":[{"message":"Compute Engine API has not been used in project 877374644269 before or it is disabled. Enable it by visiting https://console.developers.google.com/apis/api/compute.googleapis.com/overview?project=877374644269 then retry. If you enabled this API recently, wait a few minutes for the action to propagate to our systems and retry.","domain":"usageLimits","reason":"accessNotConfigured","extendedHelp":"https://console.developers.google.com"}],"status":"PERMISSION_DENIED","details":[{"@type":"type.googleapis.com/google.rpc.ErrorInfo","reason":"SERVICE_DISABLED","domain":"googleapis.com","metadata":{"service":"compute.googleapis.com","consumer":"projects/877374644269","serviceTitle":"Compute Engine API","containerInfo":"877374644269","activationUrl":"https://console.developers.google.com/apis/api/compute.googleapis.com/overview?project=877374644269"}},{"@type":"type.googleapis.com/google.rpc.LocalizedMessage","locale":"en-US","message":"Compute Engine API has not been used in project 877374644269 before or it is disabled. Enable it by visiting https://console.developers.google.com/apis/api/compute.googleapis.com/overview?project=877374644269 then retry. If you enabled this API recently, wait a few minutes for the action to propagate to our systems and retry."},{"@type":"type.googleapis.com/google.rpc.Help","links":[{"description":"Google developers console API activation","url":"https://console.developers.google.com/apis/api/compute.googleapis.com/overview?project=877374644269"}]}]}}
[debug] [2026-07-21T06:58:32.633Z] unable to look up default compute service account. Falling back to 877374644269-compute@developer.gserviceaccount.com. Error: {"name":"FirebaseError","children":[],"context":{"body":{"error":{"code":403,"message":"Compute Engine API has not been used in project 877374644269 before or it is disabled. Enable it by visiting https://console.developers.google.com/apis/api/compute.googleapis.com/overview?project=877374644269 then retry. If you enabled this API recently, wait a few minutes for the action to propagate to our systems and retry.","errors":[{"message":"Compute Engine API has not been used in project 877374644269 before or it is disabled. Enable it by visiting https://console.developers.google.com/apis/api/compute.googleapis.com/overview?project=877374644269 then retry. If you enabled this API recently, wait a few minutes for the action to propagate to our systems and retry.","domain":"usageLimits","reason":"accessNotConfigured","extendedHelp":"https://console.developers.google.com"}],"status":"PERMISSION_DENIED","details":[{"@type":"type.googleapis.com/google.rpc.ErrorInfo","reason":"SERVICE_DISABLED","domain":"googleapis.com","metadata":{"service":"compute.googleapis.com","consumer":"projects/877374644269","serviceTitle":"Compute Engine API","containerInfo":"877374644269","activationUrl":"https://console.developers.google.com/apis/api/compute.googleapis.com/overview?project=877374644269"}},{"@type":"type.googleapis.com/google.rpc.LocalizedMessage","locale":"en-US","message":"Compute Engine API has not been used in project 877374644269 before or it is disabled. Enable it by visiting https://console.developers.google.com/apis/api/compute.googleapis.com/overview?project=877374644269 then retry. If you enabled this API recently, wait a few minutes for the action to propagate to our systems and retry."},{"@type":"type.googleapis.com/google.rpc.Help","links":[{"description":"Google developers console API activation","url":"https://console.developers.google.com/apis/api/compute.googleapis.com/overview?project=877374644269"}]}]}},"response":{"statusCode":403}},"exit":1,"message":"Request to https://compute.googleapis.com/compute/v1/projects/877374644269 had HTTP Error: 403, Compute Engine API has not been used in project 877374644269 before or it is disabled. Enable it by visiting https://console.developers.google.com/apis/api/compute.googleapis.com/overview?project=877374644269 then retry. If you enabled this API recently, wait a few minutes for the action to propagate to our systems and retry.","status":403}
[debug] [2026-07-21T06:58:32.633Z] Checked if tokens are valid: true, expires at: 1784620703779
[debug] [2026-07-21T06:58:32.634Z] Checked if tokens are valid: true, expires at: 1784620703779
[debug] [2026-07-21T06:58:32.634Z] >>> [apiv2][query] GET https://compute.googleapis.com/compute/v1/projects/877374644269 [none]
[debug] [2026-07-21T06:58:32.702Z] <<< [apiv2][status] GET https://compute.googleapis.com/compute/v1/projects/877374644269 403
[debug] [2026-07-21T06:58:32.702Z] <<< [apiv2][body] GET https://compute.googleapis.com/compute/v1/projects/877374644269 {"error":{"code":403,"message":"Compute Engine API has not been used in project 877374644269 before or it is disabled. Enable it by visiting https://console.developers.google.com/apis/api/compute.googleapis.com/overview?project=877374644269 then retry. If you enabled this API recently, wait a few minutes for the action to propagate to our systems and retry.","errors":[{"message":"Compute Engine API has not been used in project 877374644269 before or it is disabled. Enable it by visiting https://console.developers.google.com/apis/api/compute.googleapis.com/overview?project=877374644269 then retry. If you enabled this API recently, wait a few minutes for the action to propagate to our systems and retry.","domain":"usageLimits","reason":"accessNotConfigured","extendedHelp":"https://console.developers.google.com"}],"status":"PERMISSION_DENIED","details":[{"@type":"type.googleapis.com/google.rpc.ErrorInfo","reason":"SERVICE_DISABLED","domain":"googleapis.com","metadata":{"consumer":"projects/877374644269","service":"compute.googleapis.com","activationUrl":"https://console.developers.google.com/apis/api/compute.googleapis.com/overview?project=877374644269","containerInfo":"877374644269","serviceTitle":"Compute Engine API"}},{"@type":"type.googleapis.com/google.rpc.LocalizedMessage","locale":"en-US","message":"Compute Engine API has not been used in project 877374644269 before or it is disabled. Enable it by visiting https://console.developers.google.com/apis/api/compute.googleapis.com/overview?project=877374644269 then retry. If you enabled this API recently, wait a few minutes for the action to propagate to our systems and retry."},{"@type":"type.googleapis.com/google.rpc.Help","links":[{"description":"Google developers console API activation","url":"https://console.developers.google.com/apis/api/compute.googleapis.com/overview?project=877374644269"}]}]}}
[debug] [2026-07-21T06:58:32.703Z] unable to look up default compute service account. Falling back to 877374644269-compute@developer.gserviceaccount.com. Error: {"name":"FirebaseError","children":[],"context":{"body":{"error":{"code":403,"message":"Compute Engine API has not been used in project 877374644269 before or it is disabled. Enable it by visiting https://console.developers.google.com/apis/api/compute.googleapis.com/overview?project=877374644269 then retry. If you enabled this API recently, wait a few minutes for the action to propagate to our systems and retry.","errors":[{"message":"Compute Engine API has not been used in project 877374644269 before or it is disabled. Enable it by visiting https://console.developers.google.com/apis/api/compute.googleapis.com/overview?project=877374644269 then retry. If you enabled this API recently, wait a few minutes for the action to propagate to our systems and retry.","domain":"usageLimits","reason":"accessNotConfigured","extendedHelp":"https://console.developers.google.com"}],"status":"PERMISSION_DENIED","details":[{"@type":"type.googleapis.com/google.rpc.ErrorInfo","reason":"SERVICE_DISABLED","domain":"googleapis.com","metadata":{"consumer":"projects/877374644269","service":"compute.googleapis.com","activationUrl":"https://console.developers.google.com/apis/api/compute.googleapis.com/overview?project=877374644269","containerInfo":"877374644269","serviceTitle":"Compute Engine API"}},{"@type":"type.googleapis.com/google.rpc.LocalizedMessage","locale":"en-US","message":"Compute Engine API has not been used in project 877374644269 before or it is disabled. Enable it by visiting https://console.developers.google.com/apis/api/compute.googleapis.com/overview?project=877374644269 then retry. If you enabled this API recently, wait a few minutes for the action to propagate to our systems and retry."},{"@type":"type.googleapis.com/google.rpc.Help","links":[{"description":"Google developers console API activation","url":"https://console.developers.google.com/apis/api/compute.googleapis.com/overview?project=877374644269"}]}]}},"response":{"statusCode":403}},"exit":1,"message":"Request to https://compute.googleapis.com/compute/v1/projects/877374644269 had HTTP Error: 403, Compute Engine API has not been used in project 877374644269 before or it is disabled. Enable it by visiting https://console.developers.google.com/apis/api/compute.googleapis.com/overview?project=877374644269 then retry. If you enabled this API recently, wait a few minutes for the action to propagate to our systems and retry.","status":403}
[debug] [2026-07-21T06:58:32.703Z] Checked if tokens are valid: true, expires at: 1784620703779
[debug] [2026-07-21T06:58:32.703Z] Checked if tokens are valid: true, expires at: 1784620703779
[debug] [2026-07-21T06:58:32.703Z] >>> [apiv2][query] GET https://compute.googleapis.com/compute/v1/projects/877374644269 [none]
[debug] [2026-07-21T06:58:32.796Z] <<< [apiv2][status] GET https://compute.googleapis.com/compute/v1/projects/877374644269 403
[debug] [2026-07-21T06:58:32.796Z] <<< [apiv2][body] GET https://compute.googleapis.com/compute/v1/projects/877374644269 {"error":{"code":403,"message":"Compute Engine API has not been used in project 877374644269 before or it is disabled. Enable it by visiting https://console.developers.google.com/apis/api/compute.googleapis.com/overview?project=877374644269 then retry. If you enabled this API recently, wait a few minutes for the action to propagate to our systems and retry.","errors":[{"message":"Compute Engine API has not been used in project 877374644269 before or it is disabled. Enable it by visiting https://console.developers.google.com/apis/api/compute.googleapis.com/overview?project=877374644269 then retry. If you enabled this API recently, wait a few minutes for the action to propagate to our systems and retry.","domain":"usageLimits","reason":"accessNotConfigured","extendedHelp":"https://console.developers.google.com"}],"status":"PERMISSION_DENIED","details":[{"@type":"type.googleapis.com/google.rpc.ErrorInfo","reason":"SERVICE_DISABLED","domain":"googleapis.com","metadata":{"serviceTitle":"Compute Engine API","consumer":"projects/877374644269","activationUrl":"https://console.developers.google.com/apis/api/compute.googleapis.com/overview?project=877374644269","service":"compute.googleapis.com","containerInfo":"877374644269"}},{"@type":"type.googleapis.com/google.rpc.LocalizedMessage","locale":"en-US","message":"Compute Engine API has not been used in project 877374644269 before or it is disabled. Enable it by visiting https://console.developers.google.com/apis/api/compute.googleapis.com/overview?project=877374644269 then retry. If you enabled this API recently, wait a few minutes for the action to propagate to our systems and retry."},{"@type":"type.googleapis.com/google.rpc.Help","links":[{"description":"Google developers console API activation","url":"https://console.developers.google.com/apis/api/compute.googleapis.com/overview?project=877374644269"}]}]}}
[debug] [2026-07-21T06:58:32.796Z] unable to look up default compute service account. Falling back to 877374644269-compute@developer.gserviceaccount.com. Error: {"name":"FirebaseError","children":[],"context":{"body":{"error":{"code":403,"message":"Compute Engine API has not been used in project 877374644269 before or it is disabled. Enable it by visiting https://console.developers.google.com/apis/api/compute.googleapis.com/overview?project=877374644269 then retry. If you enabled this API recently, wait a few minutes for the action to propagate to our systems and retry.","errors":[{"message":"Compute Engine API has not been used in project 877374644269 before or it is disabled. Enable it by visiting https://console.developers.google.com/apis/api/compute.googleapis.com/overview?project=877374644269 then retry. If you enabled this API recently, wait a few minutes for the action to propagate to our systems and retry.","domain":"usageLimits","reason":"accessNotConfigured","extendedHelp":"https://console.developers.google.com"}],"status":"PERMISSION_DENIED","details":[{"@type":"type.googleapis.com/google.rpc.ErrorInfo","reason":"SERVICE_DISABLED","domain":"googleapis.com","metadata":{"serviceTitle":"Compute Engine API","consumer":"projects/877374644269","activationUrl":"https://console.developers.google.com/apis/api/compute.googleapis.com/overview?project=877374644269","service":"compute.googleapis.com","containerInfo":"877374644269"}},{"@type":"type.googleapis.com/google.rpc.LocalizedMessage","locale":"en-US","message":"Compute Engine API has not been used in project 877374644269 before or it is disabled. Enable it by visiting https://console.developers.google.com/apis/api/compute.googleapis.com/overview?project=877374644269 then retry. If you enabled this API recently, wait a few minutes for the action to propagate to our systems and retry."},{"@type":"type.googleapis.com/google.rpc.Help","links":[{"description":"Google developers console API activation","url":"https://console.developers.google.com/apis/api/compute.googleapis.com/overview?project=877374644269"}]}]}},"response":{"statusCode":403}},"exit":1,"message":"Request to https://compute.googleapis.com/compute/v1/projects/877374644269 had HTTP Error: 403, Compute Engine API has not been used in project 877374644269 before or it is disabled. Enable it by visiting https://console.developers.google.com/apis/api/compute.googleapis.com/overview?project=877374644269 then retry. If you enabled this API recently, wait a few minutes for the action to propagate to our systems and retry.","status":403}
[debug] [2026-07-21T06:58:32.797Z] Checked if tokens are valid: true, expires at: 1784620703779
[debug] [2026-07-21T06:58:32.797Z] Checked if tokens are valid: true, expires at: 1784620703779
[debug] [2026-07-21T06:58:32.797Z] >>> [apiv2][query] GET https://cloudbilling.googleapis.com/v1/projects/singularity-c216f/billingInfo [none]
[debug] [2026-07-21T06:58:32.797Z] >>> [apiv2][(partial)header] GET https://cloudbilling.googleapis.com/v1/projects/singularity-c216f/billingInfo  x-goog-user-project=singularity-c216f
[debug] [2026-07-21T06:58:32.995Z] <<< [apiv2][status] GET https://cloudbilling.googleapis.com/v1/projects/singularity-c216f/billingInfo 200
[debug] [2026-07-21T06:58:32.995Z] <<< [apiv2][body] GET https://cloudbilling.googleapis.com/v1/projects/singularity-c216f/billingInfo {"name":"projects/singularity-c216f/billingInfo","projectId":"singularity-c216f","billingAccountName":"billingAccounts/018494-F146E7-7EB4C2","billingEnabled":true}
[debug] [2026-07-21T06:58:32.997Z] Checked if tokens are valid: true, expires at: 1784620703779
[debug] [2026-07-21T06:58:32.997Z] Checked if tokens are valid: true, expires at: 1784620703779
[debug] [2026-07-21T06:58:32.997Z] >>> [apiv2][query] POST https://cloudfunctions.googleapis.com/v2/projects/singularity-c216f/locations/us-central1/functions:generateUploadUrl [none]
[debug] [2026-07-21T06:58:33.322Z] <<< [apiv2][status] POST https://cloudfunctions.googleapis.com/v2/projects/singularity-c216f/locations/us-central1/functions:generateUploadUrl 200
[debug] [2026-07-21T06:58:33.322Z] <<< [apiv2][body] POST https://cloudfunctions.googleapis.com/v2/projects/singularity-c216f/locations/us-central1/functions:generateUploadUrl {"uploadUrl":"https://storage.googleapis.com/gcf-v2-uploads-877374644269.us-central1.cloudfunctions.appspot.com/bd1c8c70-86bf-41e6-935e-db5dcb3462f7.zip?GoogleAccessId=service-877374644269@gcf-admin-robot.iam.gserviceaccount.com&Expires=1784618913&Signature=bynnIf5U0Wt44qSqxwRBWuT8ZcWdrNDXOJ5MPN5yfA63Vsq4%2BcxHm8onvv9Q7arqHRlU74KfxPNWg%2FTXbr5ds9WIbI0MXafMHNzBOULrYvDidJN5rveyV9gIAA1h%2BHvK7COLj2GeS52cCFaHApo7oahyfSuZoxd%2FAndGO16Us9TK0rrpdkw4PUH2S5PL9s5aZI4LklhH7OuGR%2BCEEfnDAob44kjFRXXzQhvMau0S%2FqK20NiA0W3WW2OWQyEcdMGSD3mBmGEYYCAOWyypc8GeoBPiQlT%2BqzVFzJU3f1mPtj6DAHfAyrt48Dl3YCaVdXtfh7GQzy348VokHYcyr5vqqQ%3D%3D","storageSource":{"bucket":"gcf-v2-uploads-877374644269.us-central1.cloudfunctions.appspot.com","object":"bd1c8c70-86bf-41e6-935e-db5dcb3462f7.zip"}}
[debug] [2026-07-21T06:58:33.324Z] >>> [apiv2][query] PUT https://storage.googleapis.com/gcf-v2-uploads-877374644269.us-central1.cloudfunctions.appspot.com/bd1c8c70-86bf-41e6-935e-db5dcb3462f7.zip GoogleAccessId=service-877374644269%40gcf-admin-robot.iam.gserviceaccount.com&Expires=1784618913&Signature=bynnIf5U0Wt44qSqxwRBWuT8ZcWdrNDXOJ5MPN5yfA63Vsq4%2BcxHm8onvv9Q7arqHRlU74KfxPNWg%2FTXbr5ds9WIbI0MXafMHNzBOULrYvDidJN5rveyV9gIAA1h%2BHvK7COLj2GeS52cCFaHApo7oahyfSuZoxd%2FAndGO16Us9TK0rrpdkw4PUH2S5PL9s5aZI4LklhH7OuGR%2BCEEfnDAob44kjFRXXzQhvMau0S%2FqK20NiA0W3WW2OWQyEcdMGSD3mBmGEYYCAOWyypc8GeoBPiQlT%2BqzVFzJU3f1mPtj6DAHfAyrt48Dl3YCaVdXtfh7GQzy348VokHYcyr5vqqQ%3D%3D
[debug] [2026-07-21T06:58:33.324Z] >>> [apiv2][body] PUT https://storage.googleapis.com/gcf-v2-uploads-877374644269.us-central1.cloudfunctions.appspot.com/bd1c8c70-86bf-41e6-935e-db5dcb3462f7.zip [stream]
[debug] [2026-07-21T06:58:33.626Z] <<< [apiv2][status] PUT https://storage.googleapis.com/gcf-v2-uploads-877374644269.us-central1.cloudfunctions.appspot.com/bd1c8c70-86bf-41e6-935e-db5dcb3462f7.zip 200
[debug] [2026-07-21T06:58:33.626Z] <<< [apiv2][body] PUT https://storage.googleapis.com/gcf-v2-uploads-877374644269.us-central1.cloudfunctions.appspot.com/bd1c8c70-86bf-41e6-935e-db5dcb3462f7.zip [omitted]
[info] ✔  functions: functions source uploaded successfully 
[info] i  functions: updating Node.js 20 (2nd Gen) function reserveUsername(us-central1)... 
[info] i  functions: updating Node.js 20 (2nd Gen) function setReplayVideoPath(us-central1)... 
[info] i  functions: updating Node.js 20 (2nd Gen) function startGame(us-central1)... 
[info] i  functions: updating Node.js 20 (2nd Gen) function submitGame(us-central1)... 
[debug] [2026-07-21T06:58:33.633Z] Checked if tokens are valid: true, expires at: 1784620703779
[debug] [2026-07-21T06:58:33.633Z] Checked if tokens are valid: true, expires at: 1784620703779
[debug] [2026-07-21T06:58:33.633Z] >>> [apiv2][query] PATCH https://cloudfunctions.googleapis.com/v2/projects/singularity-c216f/locations/us-central1/functions/reserveUsername updateMask=name%2CbuildConfig.runtime%2CbuildConfig.entryPoint%2CbuildConfig.source.storageSource.bucket%2CbuildConfig.source.storageSource.object%2CbuildConfig.environmentVariables%2CbuildConfig.sourceToken%2CserviceConfig.environmentVariables%2CserviceConfig.ingressSettings%2CserviceConfig.timeoutSeconds%2CserviceConfig.serviceAccountEmail%2CserviceConfig.availableMemory%2CserviceConfig.minInstanceCount%2CserviceConfig.maxInstanceCount%2CserviceConfig.maxInstanceRequestConcurrency%2CserviceConfig.availableCpu%2CserviceConfig.vpcConnector%2CserviceConfig.vpcConnectorEgressSettings%2CserviceConfig.directVpcNetworkInterface%2CserviceConfig.directVpcEgress%2Clabels
[debug] [2026-07-21T06:58:33.633Z] >>> [apiv2][body] PATCH https://cloudfunctions.googleapis.com/v2/projects/singularity-c216f/locations/us-central1/functions/reserveUsername {"name":"projects/singularity-c216f/locations/us-central1/functions/reserveUsername","buildConfig":{"runtime":"nodejs20","entryPoint":"reserveUsername","source":{"storageSource":{"bucket":"gcf-v2-uploads-877374644269.us-central1.cloudfunctions.appspot.com","object":"bd1c8c70-86bf-41e6-935e-db5dcb3462f7.zip"}},"environmentVariables":{"GOOGLE_NODE_RUN_SCRIPTS":""}},"serviceConfig":{"environmentVariables":{"FIREBASE_CONFIG":"{\"projectId\":\"singularity-c216f\",\"databaseURL\":\"https://singularity-c216f.firebaseio.com\",\"storageBucket\":\"singularity-c216f.appspot.com\",\"locationId\":\"us-central\"}","GCLOUD_PROJECT":"singularity-c216f","EVENTARC_CLOUD_EVENT_SOURCE":"projects/singularity-c216f/locations/us-central1/services/reserveUsername","FUNCTION_TARGET":"reserveUsername","LOG_EXECUTION_ID":"true"},"ingressSettings":null,"timeoutSeconds":null,"serviceAccountEmail":null,"availableMemory":"256Mi","minInstanceCount":null,"maxInstanceCount":null,"maxInstanceRequestConcurrency":80,"availableCpu":"1","vpcConnector":null,"vpcConnectorEgressSettings":null,"directVpcNetworkInterface":null,"directVpcEgress":null},"labels":{"deployment-tool":"cli-firebase","deployment-callable":"true","firebase-functions-hash":"2fbeffb39b3c731973682d771e92172ec0fffcb5"}}
[debug] [2026-07-21T06:58:34.944Z] <<< [apiv2][status] PATCH https://cloudfunctions.googleapis.com/v2/projects/singularity-c216f/locations/us-central1/functions/reserveUsername 200
[debug] [2026-07-21T06:58:34.944Z] <<< [apiv2][body] PATCH https://cloudfunctions.googleapis.com/v2/projects/singularity-c216f/locations/us-central1/functions/reserveUsername {"name":"projects/singularity-c216f/locations/us-central1/operations/operation-1784617113707-657198d1f64af-f464b0c2-171f4c54","metadata":{"@type":"type.googleapis.com/google.cloud.functions.v2.OperationMetadata","createTime":"2026-07-21T06:58:34.907636379Z","target":"projects/singularity-c216f/locations/us-central1/functions/reserveUsername","verb":"update","cancelRequested":false,"apiVersion":"v2"},"done":false}
[debug] [2026-07-21T06:58:34.946Z] Checked if tokens are valid: true, expires at: 1784620703779
[debug] [2026-07-21T06:58:34.946Z] Checked if tokens are valid: true, expires at: 1784620703779
[debug] [2026-07-21T06:58:34.946Z] >>> [apiv2][query] GET https://cloudfunctions.googleapis.com/v2/projects/singularity-c216f/locations/us-central1/operations/operation-1784617113707-657198d1f64af-f464b0c2-171f4c54 [none]
[debug] [2026-07-21T06:58:35.060Z] <<< [apiv2][status] GET https://cloudfunctions.googleapis.com/v2/projects/singularity-c216f/locations/us-central1/operations/operation-1784617113707-657198d1f64af-f464b0c2-171f4c54 200
[debug] [2026-07-21T06:58:35.060Z] <<< [apiv2][body] GET https://cloudfunctions.googleapis.com/v2/projects/singularity-c216f/locations/us-central1/operations/operation-1784617113707-657198d1f64af-f464b0c2-171f4c54 {"name":"projects/singularity-c216f/locations/us-central1/operations/operation-1784617113707-657198d1f64af-f464b0c2-171f4c54","metadata":{"@type":"type.googleapis.com/google.cloud.functions.v2.OperationMetadata","createTime":"2026-07-21T06:58:34.907636379Z","target":"projects/singularity-c216f/locations/us-central1/functions/reserveUsername","verb":"update","cancelRequested":false,"apiVersion":"v2"},"done":false}
[debug] [2026-07-21T06:58:35.562Z] [update-default-us-central1-reserveUsername] Retrying task index 0
[debug] [2026-07-21T06:58:35.563Z] Checked if tokens are valid: true, expires at: 1784620703779
[debug] [2026-07-21T06:58:35.563Z] Checked if tokens are valid: true, expires at: 1784620703779
[debug] [2026-07-21T06:58:35.563Z] >>> [apiv2][query] GET https://cloudfunctions.googleapis.com/v2/projects/singularity-c216f/locations/us-central1/operations/operation-1784617113707-657198d1f64af-f464b0c2-171f4c54 [none]
[debug] [2026-07-21T06:58:35.628Z] <<< [apiv2][status] GET https://cloudfunctions.googleapis.com/v2/projects/singularity-c216f/locations/us-central1/operations/operation-1784617113707-657198d1f64af-f464b0c2-171f4c54 200
[debug] [2026-07-21T06:58:35.628Z] <<< [apiv2][body] GET https://cloudfunctions.googleapis.com/v2/projects/singularity-c216f/locations/us-central1/operations/operation-1784617113707-657198d1f64af-f464b0c2-171f4c54 {"name":"projects/singularity-c216f/locations/us-central1/operations/operation-1784617113707-657198d1f64af-f464b0c2-171f4c54","metadata":{"@type":"type.googleapis.com/google.cloud.functions.v2.OperationMetadata","createTime":"2026-07-21T06:58:34.907636379Z","target":"projects/singularity-c216f/locations/us-central1/functions/reserveUsername","verb":"update","cancelRequested":false,"apiVersion":"v2","requestResource":{"@type":"type.googleapis.com/google.cloud.functions.v2.Function","name":"projects/singularity-c216f/locations/us-central1/functions/reserveUsername","buildConfig":{"runtime":"nodejs20","entryPoint":"reserveUsername","source":{"storageSource":{"bucket":"gcf-v2-sources-877374644269-us-central1","object":"reserveUsername/function-source.zip","generation":"1784617114849243"}},"environmentVariables":{"GOOGLE_NODE_RUN_SCRIPTS":""},"dockerRepository":"projects/singularity-c216f/locations/us-central1/repositories/gcf-artifacts","sourceProvenance":{"resolvedStorageSource":{"bucket":"gcf-v2-sources-877374644269-us-central1","object":"reserveUsername/function-source.zip","generation":"1784355723206224"}},"dockerRegistry":"ARTIFACT_REGISTRY","serviceAccount":"projects/singularity-c216f/serviceAccounts/877374644269-compute@developer.gserviceaccount.com","automaticUpdatePolicy":{}},"serviceConfig":{"service":"projects/singularity-c216f/locations/us-central1/services/reserveusername","timeoutSeconds":60,"environmentVariables":{"FIREBASE_CONFIG":"{\"projectId\":\"singularity-c216f\",\"databaseURL\":\"https://singularity-c216f.firebaseio.com\",\"storageBucket\":\"singularity-c216f.appspot.com\",\"locationId\":\"us-central\"}","GCLOUD_PROJECT":"singularity-c216f","EVENTARC_CLOUD_EVENT_SOURCE":"projects/singularity-c216f/locations/us-central1/services/reserveUsername","FUNCTION_TARGET":"reserveUsername","LOG_EXECUTION_ID":"true"},"ingressSettings":"ALLOW_ALL","uri":"https://reserveusername-an2fqw5f5q-uc.a.run.app","serviceAccountEmail":"877374644269-compute@developer.gserviceaccount.com","availableMemory":"256Mi","allTrafficOnLatestRevision":true,"revision":"reserveusername-00002-did","maxInstanceRequestConcurrency":80,"availableCpu":"1"},"state":"ACTIVE","labels":{"deployment-tool":"cli-firebase","deployment-callable":"true","firebase-functions-hash":"2fbeffb39b3c731973682d771e92172ec0fffcb5"},"environment":"GEN_2","url":"https://us-central1-singularity-c216f.cloudfunctions.net/reserveUsername","satisfiesPzi":true},"stages":[{"name":"BUILD","state":"NOT_STARTED","stateMessages":[{"severity":"WARNING","type":"BuildAnalysisWarning","message":"Node.js 20 is no longer supported by the Node.js community as of 30 April, 2026. Runtime nodejs20 is currently deprecated for Cloud Functions. We recommend you to upgrade to the latest version of Node.js as soon as possible."}]},{"name":"SERVICE","state":"NOT_STARTED"}],"operationType":"UPDATE_FUNCTION"},"done":false}
[debug] [2026-07-21T06:58:36.629Z] [update-default-us-central1-reserveUsername] Retrying task index 0
[debug] [2026-07-21T06:58:36.630Z] Checked if tokens are valid: true, expires at: 1784620703779
[debug] [2026-07-21T06:58:36.630Z] Checked if tokens are valid: true, expires at: 1784620703779
[debug] [2026-07-21T06:58:36.631Z] >>> [apiv2][query] GET https://cloudfunctions.googleapis.com/v2/projects/singularity-c216f/locations/us-central1/operations/operation-1784617113707-657198d1f64af-f464b0c2-171f4c54 [none]
[debug] [2026-07-21T06:58:36.855Z] <<< [apiv2][status] GET https://cloudfunctions.googleapis.com/v2/projects/singularity-c216f/locations/us-central1/operations/operation-1784617113707-657198d1f64af-f464b0c2-171f4c54 200
[debug] [2026-07-21T06:58:36.855Z] <<< [apiv2][body] GET https://cloudfunctions.googleapis.com/v2/projects/singularity-c216f/locations/us-central1/operations/operation-1784617113707-657198d1f64af-f464b0c2-171f4c54 {"name":"projects/singularity-c216f/locations/us-central1/operations/operation-1784617113707-657198d1f64af-f464b0c2-171f4c54","metadata":{"@type":"type.googleapis.com/google.cloud.functions.v2.OperationMetadata","createTime":"2026-07-21T06:58:34.907636379Z","target":"projects/singularity-c216f/locations/us-central1/functions/reserveUsername","verb":"update","cancelRequested":false,"apiVersion":"v2","requestResource":{"@type":"type.googleapis.com/google.cloud.functions.v2.Function","name":"projects/singularity-c216f/locations/us-central1/functions/reserveUsername","buildConfig":{"runtime":"nodejs20","entryPoint":"reserveUsername","source":{"storageSource":{"bucket":"gcf-v2-sources-877374644269-us-central1","object":"reserveUsername/function-source.zip","generation":"1784617114849243"}},"environmentVariables":{"GOOGLE_NODE_RUN_SCRIPTS":""},"dockerRepository":"projects/singularity-c216f/locations/us-central1/repositories/gcf-artifacts","sourceProvenance":{"resolvedStorageSource":{"bucket":"gcf-v2-sources-877374644269-us-central1","object":"reserveUsername/function-source.zip","generation":"1784355723206224"}},"dockerRegistry":"ARTIFACT_REGISTRY","serviceAccount":"projects/singularity-c216f/serviceAccounts/877374644269-compute@developer.gserviceaccount.com","automaticUpdatePolicy":{}},"serviceConfig":{"service":"projects/singularity-c216f/locations/us-central1/services/reserveusername","timeoutSeconds":60,"environmentVariables":{"FIREBASE_CONFIG":"{\"projectId\":\"singularity-c216f\",\"databaseURL\":\"https://singularity-c216f.firebaseio.com\",\"storageBucket\":\"singularity-c216f.appspot.com\",\"locationId\":\"us-central\"}","GCLOUD_PROJECT":"singularity-c216f","EVENTARC_CLOUD_EVENT_SOURCE":"projects/singularity-c216f/locations/us-central1/services/reserveUsername","FUNCTION_TARGET":"reserveUsername","LOG_EXECUTION_ID":"true"},"ingressSettings":"ALLOW_ALL","uri":"https://reserveusername-an2fqw5f5q-uc.a.run.app","serviceAccountEmail":"877374644269-compute@developer.gserviceaccount.com","availableMemory":"256Mi","allTrafficOnLatestRevision":true,"revision":"reserveusername-00002-did","maxInstanceRequestConcurrency":80,"availableCpu":"1"},"state":"ACTIVE","labels":{"deployment-tool":"cli-firebase","deployment-callable":"true","firebase-functions-hash":"2fbeffb39b3c731973682d771e92172ec0fffcb5"},"environment":"GEN_2","url":"https://us-central1-singularity-c216f.cloudfunctions.net/reserveUsername","satisfiesPzi":true},"stages":[{"name":"BUILD","message":"Build in progress","state":"IN_PROGRESS","resource":"projects/877374644269/locations/us-central1/builds/75b195ee-a804-4a2a-a304-1ba314accd0f","resourceUri":"https://console.cloud.google.com/cloud-build/builds;region=us-central1/75b195ee-a804-4a2a-a304-1ba314accd0f?project=877374644269"},{"name":"SERVICE","state":"NOT_STARTED"}],"operationType":"UPDATE_FUNCTION","buildName":"projects/877374644269/locations/us-central1/builds/75b195ee-a804-4a2a-a304-1ba314accd0f"},"done":false}
[debug] [2026-07-21T06:58:38.857Z] [update-default-us-central1-reserveUsername] Retrying task index 0
[debug] [2026-07-21T06:58:38.858Z] Checked if tokens are valid: true, expires at: 1784620703779
[debug] [2026-07-21T06:58:38.858Z] Checked if tokens are valid: true, expires at: 1784620703779
[debug] [2026-07-21T06:58:38.858Z] >>> [apiv2][query] GET https://cloudfunctions.googleapis.com/v2/projects/singularity-c216f/locations/us-central1/operations/operation-1784617113707-657198d1f64af-f464b0c2-171f4c54 [none]
[debug] [2026-07-21T06:58:38.925Z] <<< [apiv2][status] GET https://cloudfunctions.googleapis.com/v2/projects/singularity-c216f/locations/us-central1/operations/operation-1784617113707-657198d1f64af-f464b0c2-171f4c54 200
[debug] [2026-07-21T06:58:38.925Z] <<< [apiv2][body] GET https://cloudfunctions.googleapis.com/v2/projects/singularity-c216f/locations/us-central1/operations/operation-1784617113707-657198d1f64af-f464b0c2-171f4c54 {"name":"projects/singularity-c216f/locations/us-central1/operations/operation-1784617113707-657198d1f64af-f464b0c2-171f4c54","metadata":{"@type":"type.googleapis.com/google.cloud.functions.v2.OperationMetadata","createTime":"2026-07-21T06:58:34.907636379Z","target":"projects/singularity-c216f/locations/us-central1/functions/reserveUsername","verb":"update","cancelRequested":false,"apiVersion":"v2","requestResource":{"@type":"type.googleapis.com/google.cloud.functions.v2.Function","name":"projects/singularity-c216f/locations/us-central1/functions/reserveUsername","buildConfig":{"runtime":"nodejs20","entryPoint":"reserveUsername","source":{"storageSource":{"bucket":"gcf-v2-sources-877374644269-us-central1","object":"reserveUsername/function-source.zip","generation":"1784617114849243"}},"environmentVariables":{"GOOGLE_NODE_RUN_SCRIPTS":""},"dockerRepository":"projects/singularity-c216f/locations/us-central1/repositories/gcf-artifacts","sourceProvenance":{"resolvedStorageSource":{"bucket":"gcf-v2-sources-877374644269-us-central1","object":"reserveUsername/function-source.zip","generation":"1784355723206224"}},"dockerRegistry":"ARTIFACT_REGISTRY","serviceAccount":"projects/singularity-c216f/serviceAccounts/877374644269-compute@developer.gserviceaccount.com","automaticUpdatePolicy":{}},"serviceConfig":{"service":"projects/singularity-c216f/locations/us-central1/services/reserveusername","timeoutSeconds":60,"environmentVariables":{"FIREBASE_CONFIG":"{\"projectId\":\"singularity-c216f\",\"databaseURL\":\"https://singularity-c216f.firebaseio.com\",\"storageBucket\":\"singularity-c216f.appspot.com\",\"locationId\":\"us-central\"}","GCLOUD_PROJECT":"singularity-c216f","EVENTARC_CLOUD_EVENT_SOURCE":"projects/singularity-c216f/locations/us-central1/services/reserveUsername","FUNCTION_TARGET":"reserveUsername","LOG_EXECUTION_ID":"true"},"ingressSettings":"ALLOW_ALL","uri":"https://reserveusername-an2fqw5f5q-uc.a.run.app","serviceAccountEmail":"877374644269-compute@developer.gserviceaccount.com","availableMemory":"256Mi","allTrafficOnLatestRevision":true,"revision":"reserveusername-00002-did","maxInstanceRequestConcurrency":80,"availableCpu":"1"},"state":"ACTIVE","labels":{"deployment-tool":"cli-firebase","deployment-callable":"true","firebase-functions-hash":"2fbeffb39b3c731973682d771e92172ec0fffcb5"},"environment":"GEN_2","url":"https://us-central1-singularity-c216f.cloudfunctions.net/reserveUsername","satisfiesPzi":true},"stages":[{"name":"BUILD","message":"Build in progress","state":"IN_PROGRESS","resource":"projects/877374644269/locations/us-central1/builds/75b195ee-a804-4a2a-a304-1ba314accd0f","resourceUri":"https://console.cloud.google.com/cloud-build/builds;region=us-central1/75b195ee-a804-4a2a-a304-1ba314accd0f?project=877374644269"},{"name":"SERVICE","state":"NOT_STARTED"}],"operationType":"UPDATE_FUNCTION","buildName":"projects/877374644269/locations/us-central1/builds/75b195ee-a804-4a2a-a304-1ba314accd0f"},"done":false}
